{
  "stats": {
    "suites": 1,
    "tests": 2,
    "passes": 1,
    "pending": 1,
    "failures": 0,
    "start": "2022-01-10T05:17:56.506Z",
    "end": "2022-01-10T05:18:30.604Z",
    "duration": 34098,
    "testsRegistered": 2,
    "passPercent": 100,
    "pendingPercent": 50,
    "other": 0,
    "hasOther": false,
    "skipped": 1,
    "hasSkipped": true
  },
  "results": [
    {
      "uuid": "85c01946-c62a-4794-b80f-5658896e3a48",
      "title": "",
      "fullFile": "cypress/integration/operator.feature",
      "file": "cypress/integration/operator.feature",
      "beforeHooks": [],
      "afterHooks": [],
      "tests": [],
      "suites": [
        {
          "uuid": "7a934065-120d-4c87-86d1-4183616bcbfc",
          "title": "operator related test cases",
          "fullFile": "",
          "file": "",
          "beforeHooks": [],
          "afterHooks": [],
          "tests": [
            {
              "title": "Operator sign up for Bussr",
              "fullTitle": "operator related test cases Operator sign up for Bussr",
              "timedOut": null,
              "duration": 347,
              "state": "pending",
              "speed": null,
              "pass": false,
              "fail": false,
              "pending": false,
              "context": "{\n  \"title\": \"cypress-mochawesome-reporter-screenshots\",\n  \"value\": [\n    [\n      {\n        \"title\": \"Failed screenshot\",\n        \"value\": \"\\\\operator.feature\\\\operator related test cases -- Operator sign up for Bussr (failed).png\"\n      }\n    ]\n  ]\n}",
              "code": "// register this scenario with the cucumber data collector\n// but don't run it\n// Tell mocha this is a skipped test so it also shows correctly in Cypress\nconst state = window.testState;\ncy.then(() => state.onStartScenario(scenario, indexedSteps))\n  .then(() => state.onFinishScenario(scenario))\n  // eslint-disable-next-line func-names\n  .then(function () {\n    return this.skip();\n  });",
              "err": {
                "message": "CypressError: sync skip; aborting execution",
                "estack": "[object Object]\nFrom Your Spec Code:\n    at Context.eval (http://localhost:65334/__cypress/tests?p=cypress\\integration\\operator.feature:12175:10)",
                "diff": null
              },
              "uuid": "f6fd9f7b-11f2-4622-a37b-f5a285d283ba",
              "parentUUID": "7a934065-120d-4c87-86d1-4183616bcbfc",
              "isHook": false,
              "skipped": true
            },
            {
              "title": "Fleet Admin Login (example #1)",
              "fullTitle": "operator related test cases Fleet Admin Login (example #1)",
              "timedOut": null,
              "duration": 24513,
              "state": "passed",
              "speed": "slow",
              "pass": true,
              "fail": false,
              "pending": false,
              "context": null,
              "code": "const state = window.testState;\nreturn cy\n  .then(() => state.onStartScenario(scenario, indexedSteps))\n  .then(() =>\n    resolveAndRunBeforeHooks.call(this, scenario.tags, state.feature.name)\n  )\n  .then(() =>\n    indexedSteps.forEach((step) =>\n      stepTest.call(this, state, step, rowData)\n    )\n  )\n  .then(() => state.onFinishScenario(scenario));",
              "err": {},
              "uuid": "de31ee7e-01fa-4ad5-bc61-7262513be8cf",
              "parentUUID": "7a934065-120d-4c87-86d1-4183616bcbfc",
              "isHook": false,
              "skipped": false
            }
          ],
          "suites": [],
          "passes": [
            "de31ee7e-01fa-4ad5-bc61-7262513be8cf"
          ],
          "failures": [],
          "pending": [],
          "skipped": [
            "f6fd9f7b-11f2-4622-a37b-f5a285d283ba"
          ],
          "duration": 24860,
          "root": false,
          "rootEmpty": false,
          "_timeout": 2000
        }
      ],
      "passes": [],
      "failures": [],
      "pending": [],
      "skipped": [],
      "duration": 0,
      "root": true,
      "rootEmpty": true,
      "_timeout": 2000
    }
  ],
  "meta": {
    "mocha": {
      "version": "7.0.1"
    },
    "mochawesome": {
      "options": {
        "quiet": false,
        "reportFilename": "mochawesome",
        "saveHtml": false,
        "saveJson": true,
        "consoleReporter": "spec",
        "useInlineDiffs": false,
        "code": true
      },
      "version": "6.3.1"
    },
    "marge": {
      "options": {
        "reportDir": "cypress\\report\\.jsons",
        "charts": true,
        "reportPageTitle": "custom-title",
        "embeddedScreenshots": true,
        "overwrite": false,
        "json": true,
        "html": false
      },
      "version": "5.2.0"
    }
  }
}