{
  "stats": {
    "suites": 1,
    "tests": 2,
    "passes": 2,
    "pending": 0,
    "failures": 0,
    "start": "2022-01-10T06:03:05.887Z",
    "end": "2022-01-10T06:03:56.926Z",
    "duration": 51039,
    "testsRegistered": 2,
    "passPercent": 100,
    "pendingPercent": 0,
    "other": 0,
    "hasOther": false,
    "skipped": 0,
    "hasSkipped": false
  },
  "results": [
    {
      "uuid": "c149c4de-6511-4375-916a-91e975653ee9",
      "title": "",
      "fullFile": "cypress/integration/operator.feature",
      "file": "cypress/integration/operator.feature",
      "beforeHooks": [],
      "afterHooks": [],
      "tests": [],
      "suites": [
        {
          "uuid": "8b8ace68-15db-4f1d-8cd2-520a37de6f43",
          "title": "operator related test cases",
          "fullFile": "",
          "file": "",
          "beforeHooks": [],
          "afterHooks": [],
          "tests": [
            {
              "title": "Fleet Admin Login (example #1)",
              "fullTitle": "operator related test cases Fleet Admin Login (example #1)",
              "timedOut": null,
              "duration": 16593,
              "state": "passed",
              "speed": "slow",
              "pass": true,
              "fail": false,
              "pending": false,
              "context": null,
              "code": "const state = window.testState;\nreturn cy\n  .then(() => state.onStartScenario(scenario, indexedSteps))\n  .then(() =>\n    resolveAndRunBeforeHooks.call(this, scenario.tags, state.feature.name)\n  )\n  .then(() =>\n    indexedSteps.forEach((step) =>\n      stepTest.call(this, state, step, rowData)\n    )\n  )\n  .then(() => state.onFinishScenario(scenario));",
              "err": {},
              "uuid": "8f4879db-949a-42c5-9668-967746fae6b7",
              "parentUUID": "8b8ace68-15db-4f1d-8cd2-520a37de6f43",
              "isHook": false,
              "skipped": false
            },
            {
              "title": "Operator sign up for Bussr",
              "fullTitle": "operator related test cases Operator sign up for Bussr",
              "timedOut": null,
              "duration": 25466,
              "state": "passed",
              "speed": "slow",
              "pass": true,
              "fail": false,
              "pending": false,
              "context": null,
              "code": "const state = window.testState;\nreturn cy\n  .then(() => state.onStartScenario(scenario, indexedSteps))\n  .then(() =>\n    resolveAndRunBeforeHooks.call(this, scenario.tags, state.feature.name)\n  )\n  .then(() =>\n    indexedSteps.forEach((step) =>\n      stepTest.call(this, state, step, rowData)\n    )\n  )\n  .then(() => state.onFinishScenario(scenario));",
              "err": {},
              "uuid": "fa697fb6-818b-4cdd-91f7-df22563ec31c",
              "parentUUID": "8b8ace68-15db-4f1d-8cd2-520a37de6f43",
              "isHook": false,
              "skipped": false
            }
          ],
          "suites": [],
          "passes": [
            "8f4879db-949a-42c5-9668-967746fae6b7",
            "fa697fb6-818b-4cdd-91f7-df22563ec31c"
          ],
          "failures": [],
          "pending": [],
          "skipped": [],
          "duration": 42059,
          "root": false,
          "rootEmpty": false,
          "_timeout": 2000
        }
      ],
      "passes": [],
      "failures": [],
      "pending": [],
      "skipped": [],
      "duration": 0,
      "root": true,
      "rootEmpty": true,
      "_timeout": 2000
    }
  ],
  "meta": {
    "mocha": {
      "version": "7.0.1"
    },
    "mochawesome": {
      "options": {
        "quiet": false,
        "reportFilename": "mochawesome",
        "saveHtml": false,
        "saveJson": true,
        "consoleReporter": "spec",
        "useInlineDiffs": false,
        "code": true
      },
      "version": "6.3.1"
    },
    "marge": {
      "options": {
        "reportDir": "cypress\\report\\.jsons",
        "charts": true,
        "reportPageTitle": "custom-title",
        "embeddedScreenshots": true,
        "overwrite": false,
        "json": true,
        "html": false
      },
      "version": "5.2.0"
    }
  }
}