{
  "stats": {
    "suites": 1,
    "tests": 2,
    "passes": 1,
    "pending": 0,
    "failures": 1,
    "start": "2022-01-10T05:49:33.480Z",
    "end": "2022-01-10T05:50:23.686Z",
    "duration": 50206,
    "testsRegistered": 2,
    "passPercent": 50,
    "pendingPercent": 0,
    "other": 0,
    "hasOther": false,
    "skipped": 0,
    "hasSkipped": false
  },
  "results": [
    {
      "uuid": "6d4d27c3-70ec-496c-8a1e-d075014e7ef2",
      "title": "",
      "fullFile": "cypress/integration/operator.feature",
      "file": "cypress/integration/operator.feature",
      "beforeHooks": [],
      "afterHooks": [],
      "tests": [],
      "suites": [
        {
          "uuid": "8b6ef4b9-14fd-4eb4-bc23-d2dca4c5af87",
          "title": "operator related test cases",
          "fullFile": "",
          "file": "",
          "beforeHooks": [],
          "afterHooks": [],
          "tests": [
            {
              "title": "Operator sign up for Bussr",
              "fullTitle": "operator related test cases Operator sign up for Bussr",
              "timedOut": null,
              "duration": 39591,
              "state": "passed",
              "speed": "slow",
              "pass": true,
              "fail": false,
              "pending": false,
              "context": null,
              "code": "const state = window.testState;\nreturn cy\n  .then(() => state.onStartScenario(scenario, indexedSteps))\n  .then(() =>\n    resolveAndRunBeforeHooks.call(this, scenario.tags, state.feature.name)\n  )\n  .then(() =>\n    indexedSteps.forEach((step) =>\n      stepTest.call(this, state, step, rowData)\n    )\n  )\n  .then(() => state.onFinishScenario(scenario));",
              "err": {},
              "uuid": "3b0874de-3de9-436b-b45b-a08d40434e91",
              "parentUUID": "8b6ef4b9-14fd-4eb4-bc23-d2dca4c5af87",
              "isHook": false,
              "skipped": false
            },
            {
              "title": "Fleet Admin Login (example #1)",
              "fullTitle": "operator related test cases Fleet Admin Login (example #1)",
              "timedOut": null,
              "duration": 1154,
              "state": "failed",
              "speed": null,
              "pass": false,
              "fail": true,
              "pending": false,
              "context": "{\n  \"title\": \"cypress-mochawesome-reporter-screenshots\",\n  \"value\": [\n    [\n      {\n        \"title\": \"Failed screenshot\",\n        \"value\": \"\\\\operator.feature\\\\operator related test cases -- Fleet Admin Login (example #1) (failed).png\"\n      }\n    ]\n  ]\n}",
              "code": "const state = window.testState;\nreturn cy\n  .then(() => state.onStartScenario(scenario, indexedSteps))\n  .then(() =>\n    resolveAndRunBeforeHooks.call(this, scenario.tags, state.feature.name)\n  )\n  .then(() =>\n    indexedSteps.forEach((step) =>\n      stepTest.call(this, state, step, rowData)\n    )\n  )\n  .then(() => state.onFinishScenario(scenario));",
              "err": {
                "message": "Error: Step implementation missing for: I enter testbussr14@gmail.com in email field",
                "estack": "Error: Step implementation missing for: I enter testbussr14@gmail.com in email field\n    at Context.resolveAndRunStepDefinition (https://qa-operator.bussr.app/__cypress/tests?p=cypress\\integration\\operator.feature:12818:11)\n    at Context.eval (https://qa-operator.bussr.app/__cypress/tests?p=cypress\\integration\\operator.feature:12133:35)",
                "diff": null
              },
              "uuid": "a4e8a9b1-f3ba-45c7-b2d9-e1c8dc3b2dd6",
              "parentUUID": "8b6ef4b9-14fd-4eb4-bc23-d2dca4c5af87",
              "isHook": false,
              "skipped": false
            }
          ],
          "suites": [],
          "passes": [
            "3b0874de-3de9-436b-b45b-a08d40434e91"
          ],
          "failures": [
            "a4e8a9b1-f3ba-45c7-b2d9-e1c8dc3b2dd6"
          ],
          "pending": [],
          "skipped": [],
          "duration": 40745,
          "root": false,
          "rootEmpty": false,
          "_timeout": 2000
        }
      ],
      "passes": [],
      "failures": [],
      "pending": [],
      "skipped": [],
      "duration": 0,
      "root": true,
      "rootEmpty": true,
      "_timeout": 2000
    }
  ],
  "meta": {
    "mocha": {
      "version": "7.0.1"
    },
    "mochawesome": {
      "options": {
        "quiet": false,
        "reportFilename": "mochawesome",
        "saveHtml": false,
        "saveJson": true,
        "consoleReporter": "spec",
        "useInlineDiffs": false,
        "code": true
      },
      "version": "6.3.1"
    },
    "marge": {
      "options": {
        "reportDir": "cypress\\report\\.jsons",
        "charts": true,
        "reportPageTitle": "custom-title",
        "embeddedScreenshots": true,
        "overwrite": false,
        "json": true,
        "html": false
      },
      "version": "5.2.0"
    }
  }
}