{
  "stats": {
    "suites": 1,
    "tests": 1,
    "passes": 0,
    "pending": 0,
    "failures": 1,
    "start": "2022-01-06T14:15:22.467Z",
    "end": "2022-01-06T14:15:47.438Z",
    "duration": 24971,
    "testsRegistered": 1,
    "passPercent": 0,
    "pendingPercent": 0,
    "other": 0,
    "hasOther": false,
    "skipped": 0,
    "hasSkipped": false
  },
  "results": [
    {
      "uuid": "70279642-93ac-447e-871f-0c29e5426367",
      "title": "",
      "fullFile": "cypress/integration/operator.feature",
      "file": "cypress/integration/operator.feature",
      "beforeHooks": [],
      "afterHooks": [],
      "tests": [],
      "suites": [
        {
          "uuid": "050c32b1-e3b9-4982-bf33-6de961280ef0",
          "title": "operator related test cases",
          "fullFile": "",
          "file": "",
          "beforeHooks": [],
          "afterHooks": [],
          "tests": [
            {
              "title": "Operator sign up for Bussr",
              "fullTitle": "operator related test cases Operator sign up for Bussr",
              "timedOut": null,
              "duration": 20422,
              "state": "failed",
              "speed": null,
              "pass": false,
              "fail": true,
              "pending": false,
              "context": "{\n  \"title\": \"cypress-mochawesome-reporter-screenshots\",\n  \"value\": [\n    [\n      {\n        \"title\": \"Failed screenshot\",\n        \"value\": \"\\\\operator.feature\\\\operator related test cases -- Operator sign up for Bussr (failed).png\"\n      }\n    ]\n  ]\n}",
              "code": "const state = window.testState;\nreturn cy\n  .then(() => state.onStartScenario(scenario, indexedSteps))\n  .then(() =>\n    resolveAndRunBeforeHooks.call(this, scenario.tags, state.feature.name)\n  )\n  .then(() =>\n    indexedSteps.forEach((step) =>\n      stepTest.call(this, state, step, rowData)\n    )\n  )\n  .then(() => state.onFinishScenario(scenario));",
              "err": {
                "message": "AssertionError: Timed out retrying after 4000ms: Expected to find element: `//p[text()=\"HOME\"]`, but never found it.",
                "estack": "AssertionError: Timed out retrying after 4000ms: Expected to find element: `//p[text()=\"HOME\"]`, but never found it.\n    at Object.home (https://qa-operator.bussr.app/__cypress/tests?p=cypress\\integration\\operator.feature:164:19)\n    at overview.homelabel (https://qa-operator.bussr.app/__cypress/tests?p=cypress\\integration\\operator.feature:172:21)\n    at Context.eval (https://qa-operator.bussr.app/__cypress/tests?p=cypress\\integration\\operator.feature:87:28)\n    at Context.resolveAndRunStepDefinition (https://qa-operator.bussr.app/__cypress/tests?p=cypress\\integration\\operator.feature:12734:29)\n    at Context.eval (https://qa-operator.bussr.app/__cypress/tests?p=cypress\\integration\\operator.feature:12055:35)",
                "diff": null
              },
              "uuid": "fb3cd839-e14f-4bba-87c4-22e4dc5f328d",
              "parentUUID": "050c32b1-e3b9-4982-bf33-6de961280ef0",
              "isHook": false,
              "skipped": false
            }
          ],
          "suites": [],
          "passes": [],
          "failures": [
            "fb3cd839-e14f-4bba-87c4-22e4dc5f328d"
          ],
          "pending": [],
          "skipped": [],
          "duration": 20422,
          "root": false,
          "rootEmpty": false,
          "_timeout": 2000
        }
      ],
      "passes": [],
      "failures": [],
      "pending": [],
      "skipped": [],
      "duration": 0,
      "root": true,
      "rootEmpty": true,
      "_timeout": 2000
    }
  ],
  "meta": {
    "mocha": {
      "version": "7.0.1"
    },
    "mochawesome": {
      "options": {
        "quiet": false,
        "reportFilename": "mochawesome",
        "saveHtml": false,
        "saveJson": true,
        "consoleReporter": "spec",
        "useInlineDiffs": false,
        "code": true
      },
      "version": "6.3.1"
    },
    "marge": {
      "options": {
        "reportDir": "cypress\\report\\.jsons",
        "charts": true,
        "reportPageTitle": "custom-title",
        "embeddedScreenshots": true,
        "overwrite": false,
        "json": true,
        "html": false
      },
      "version": "5.2.0"
    }
  }
}