{
  "stats": {
    "suites": 1,
    "tests": 6,
    "passes": 5,
    "pending": 0,
    "failures": 1,
    "start": "2022-02-01T11:47:07.574Z",
    "end": "2022-02-01T11:49:11.336Z",
    "duration": 123762,
    "testsRegistered": 6,
    "passPercent": 83.33333333333334,
    "pendingPercent": 0,
    "other": 0,
    "hasOther": false,
    "skipped": 0,
    "hasSkipped": false
  },
  "results": [
    {
      "uuid": "2280a587-eca6-4ba4-b520-9b2818dbcbb7",
      "title": "",
      "fullFile": "cypress/integration/features/ui/fleet-admin/user-management-scenarios.feature",
      "file": "cypress/integration/features/ui/fleet-admin/user-management-scenarios.feature",
      "beforeHooks": [],
      "afterHooks": [],
      "tests": [],
      "suites": [
        {
          "uuid": "3fa02964-8e08-4e80-a0d2-e67ac196a00a",
          "title": "User management related test cases under fleet admin portal",
          "fullFile": "",
          "file": "",
          "beforeHooks": [],
          "afterHooks": [],
          "tests": [
            {
              "title": "View User Administration",
              "fullTitle": "User management related test cases under fleet admin portal View User Administration",
              "timedOut": null,
              "duration": 8522,
              "state": "passed",
              "speed": "medium",
              "pass": true,
              "fail": false,
              "pending": false,
              "context": null,
              "code": "const state = window.testState;\nreturn cy\n  .then(() => state.onStartScenario(scenario, indexedSteps))\n  .then(() =>\n    resolveAndRunBeforeHooks.call(this, scenario.tags, state.feature.name)\n  )\n  .then(() =>\n    indexedSteps.forEach((step) =>\n      stepTest.call(this, state, step, rowData)\n    )\n  )\n  .then(() => state.onFinishScenario(scenario));",
              "err": {},
              "uuid": "fcc45b20-647a-49ac-a7e8-3e4f179ec6ab",
              "parentUUID": "3fa02964-8e08-4e80-a0d2-e67ac196a00a",
              "isHook": false,
              "skipped": false
            },
            {
              "title": "elements under User Administration",
              "fullTitle": "User management related test cases under fleet admin portal elements under User Administration",
              "timedOut": null,
              "duration": 4131,
              "state": "passed",
              "speed": "fast",
              "pass": true,
              "fail": false,
              "pending": false,
              "context": null,
              "code": "const state = window.testState;\nreturn cy\n  .then(() => state.onStartScenario(scenario, indexedSteps))\n  .then(() =>\n    resolveAndRunBeforeHooks.call(this, scenario.tags, state.feature.name)\n  )\n  .then(() =>\n    indexedSteps.forEach((step) =>\n      stepTest.call(this, state, step, rowData)\n    )\n  )\n  .then(() => state.onFinishScenario(scenario));",
              "err": {},
              "uuid": "b064fd9e-ee4c-4089-b813-31b8702d9727",
              "parentUUID": "3fa02964-8e08-4e80-a0d2-e67ac196a00a",
              "isHook": false,
              "skipped": false
            },
            {
              "title": "Validate user management",
              "fullTitle": "User management related test cases under fleet admin portal Validate user management",
              "timedOut": null,
              "duration": 32627,
              "state": "failed",
              "speed": null,
              "pass": false,
              "fail": true,
              "pending": false,
              "context": "{\n  \"title\": \"cypress-mochawesome-reporter-screenshots\",\n  \"value\": [\n    [\n      {\n        \"title\": \"Failed screenshot\",\n        \"value\": \"\\\\features\\\\ui\\\\fleet-admin\\\\user-management-scenarios.feature\\\\User management related test cases under fleet admin portal -- Validate user management (failed).png\"\n      }\n    ]\n  ]\n}",
              "code": "const state = window.testState;\nreturn cy\n  .then(() => state.onStartScenario(scenario, indexedSteps))\n  .then(() =>\n    resolveAndRunBeforeHooks.call(this, scenario.tags, state.feature.name)\n  )\n  .then(() =>\n    indexedSteps.forEach((step) =>\n      stepTest.call(this, state, step, rowData)\n    )\n  )\n  .then(() => state.onFinishScenario(scenario));",
              "err": {
                "message": "AssertionError: Timed out retrying after 4000ms: expected 'testdriver1@gmail.com' to equal 'testbussr14@gmail.com'",
                "estack": "AssertionError: Timed out retrying after 4000ms: expected 'testdriver1@gmail.com' to equal 'testbussr14@gmail.com'\n    at Context.eval (https://qa-operator.bussr.app/__cypress/tests?p=cypress\\integration\\features\\ui\\fleet-admin\\user-management-scenarios.feature:367:54)\n    at Context.resolveAndRunStepDefinition (https://qa-operator.bussr.app/__cypress/tests?p=cypress\\integration\\features\\ui\\fleet-admin\\user-management-scenarios.feature:23320:29)\n    at Context.eval (https://qa-operator.bussr.app/__cypress/tests?p=cypress\\integration\\features\\ui\\fleet-admin\\user-management-scenarios.feature:22641:35)",
                "diff": "- 'testdriver1@gmail.com'\n+ 'testbussr14@gmail.com'\n"
              },
              "uuid": "bbe2617c-0517-4f00-b9c6-d2f010fbb8a5",
              "parentUUID": "3fa02964-8e08-4e80-a0d2-e67ac196a00a",
              "isHook": false,
              "skipped": false
            },
            {
              "title": "Validate Add New User button",
              "fullTitle": "User management related test cases under fleet admin portal Validate Add New User button",
              "timedOut": null,
              "duration": 23843,
              "state": "passed",
              "speed": "slow",
              "pass": true,
              "fail": false,
              "pending": false,
              "context": null,
              "code": "const state = window.testState;\nreturn cy\n  .then(() => state.onStartScenario(scenario, indexedSteps))\n  .then(() =>\n    resolveAndRunBeforeHooks.call(this, scenario.tags, state.feature.name)\n  )\n  .then(() =>\n    indexedSteps.forEach((step) =>\n      stepTest.call(this, state, step, rowData)\n    )\n  )\n  .then(() => state.onFinishScenario(scenario));",
              "err": {},
              "uuid": "e8a0e093-5733-4d17-8b8b-0ca8cdbef650",
              "parentUUID": "3fa02964-8e08-4e80-a0d2-e67ac196a00a",
              "isHook": false,
              "skipped": false
            },
            {
              "title": "View elements in Add New User Page",
              "fullTitle": "User management related test cases under fleet admin portal View elements in Add New User Page",
              "timedOut": null,
              "duration": 25424,
              "state": "passed",
              "speed": "slow",
              "pass": true,
              "fail": false,
              "pending": false,
              "context": null,
              "code": "const state = window.testState;\nreturn cy\n  .then(() => state.onStartScenario(scenario, indexedSteps))\n  .then(() =>\n    resolveAndRunBeforeHooks.call(this, scenario.tags, state.feature.name)\n  )\n  .then(() =>\n    indexedSteps.forEach((step) =>\n      stepTest.call(this, state, step, rowData)\n    )\n  )\n  .then(() => state.onFinishScenario(scenario));",
              "err": {},
              "uuid": "40e77c73-ae85-458e-b255-8fad7585244d",
              "parentUUID": "3fa02964-8e08-4e80-a0d2-e67ac196a00a",
              "isHook": false,
              "skipped": false
            },
            {
              "title": "validate save button - without data",
              "fullTitle": "User management related test cases under fleet admin portal validate save button - without data",
              "timedOut": null,
              "duration": 24400,
              "state": "passed",
              "speed": "slow",
              "pass": true,
              "fail": false,
              "pending": false,
              "context": null,
              "code": "const state = window.testState;\nreturn cy\n  .then(() => state.onStartScenario(scenario, indexedSteps))\n  .then(() =>\n    resolveAndRunBeforeHooks.call(this, scenario.tags, state.feature.name)\n  )\n  .then(() =>\n    indexedSteps.forEach((step) =>\n      stepTest.call(this, state, step, rowData)\n    )\n  )\n  .then(() => state.onFinishScenario(scenario));",
              "err": {},
              "uuid": "f2ecde5f-7a02-4ad3-9dfe-153f911cadf7",
              "parentUUID": "3fa02964-8e08-4e80-a0d2-e67ac196a00a",
              "isHook": false,
              "skipped": false
            }
          ],
          "suites": [],
          "passes": [
            "fcc45b20-647a-49ac-a7e8-3e4f179ec6ab",
            "b064fd9e-ee4c-4089-b813-31b8702d9727",
            "e8a0e093-5733-4d17-8b8b-0ca8cdbef650",
            "40e77c73-ae85-458e-b255-8fad7585244d",
            "f2ecde5f-7a02-4ad3-9dfe-153f911cadf7"
          ],
          "failures": [
            "bbe2617c-0517-4f00-b9c6-d2f010fbb8a5"
          ],
          "pending": [],
          "skipped": [],
          "duration": 118947,
          "root": false,
          "rootEmpty": false,
          "_timeout": 2000
        }
      ],
      "passes": [],
      "failures": [],
      "pending": [],
      "skipped": [],
      "duration": 0,
      "root": true,
      "rootEmpty": true,
      "_timeout": 2000
    }
  ],
  "meta": {
    "mocha": {
      "version": "7.0.1"
    },
    "mochawesome": {
      "options": {
        "quiet": false,
        "reportFilename": "mochawesome",
        "saveHtml": false,
        "saveJson": true,
        "consoleReporter": "spec",
        "useInlineDiffs": false,
        "code": true
      },
      "version": "6.3.1"
    },
    "marge": {
      "options": {
        "reportDir": "cypress\\report\\.jsons",
        "charts": true,
        "reportPageTitle": "custom-title",
        "embeddedScreenshots": true,
        "overwrite": false,
        "json": true,
        "html": false
      },
      "version": "5.2.0"
    }
  }
}