{
  "stats": {
    "suites": 1,
    "tests": 1,
    "passes": 1,
    "pending": 0,
    "failures": 0,
    "start": "2022-01-10T05:38:28.085Z",
    "end": "2022-01-10T05:38:42.043Z",
    "duration": 13958,
    "testsRegistered": 1,
    "passPercent": 100,
    "pendingPercent": 0,
    "other": 0,
    "hasOther": false,
    "skipped": 0,
    "hasSkipped": false
  },
  "results": [
    {
      "uuid": "f7f0e629-7ebb-4481-9e1f-23a421dd2b0d",
      "title": "",
      "fullFile": "cypress/integration/operator.feature",
      "file": "cypress/integration/operator.feature",
      "beforeHooks": [],
      "afterHooks": [],
      "tests": [],
      "suites": [
        {
          "uuid": "f19b4607-e0d8-4a73-b686-83d5ca750468",
          "title": "operator related test cases",
          "fullFile": "",
          "file": "",
          "beforeHooks": [],
          "afterHooks": [],
          "tests": [
            {
              "title": "Fleet Admin Login (example #1)",
              "fullTitle": "operator related test cases Fleet Admin Login (example #1)",
              "timedOut": null,
              "duration": 8640,
              "state": "passed",
              "speed": "medium",
              "pass": true,
              "fail": false,
              "pending": false,
              "context": null,
              "code": "const state = window.testState;\nreturn cy\n  .then(() => state.onStartScenario(scenario, indexedSteps))\n  .then(() =>\n    resolveAndRunBeforeHooks.call(this, scenario.tags, state.feature.name)\n  )\n  .then(() =>\n    indexedSteps.forEach((step) =>\n      stepTest.call(this, state, step, rowData)\n    )\n  )\n  .then(() => state.onFinishScenario(scenario));",
              "err": {},
              "uuid": "453a0eac-8f29-45a2-9d92-00944e011198",
              "parentUUID": "f19b4607-e0d8-4a73-b686-83d5ca750468",
              "isHook": false,
              "skipped": false
            }
          ],
          "suites": [],
          "passes": [
            "453a0eac-8f29-45a2-9d92-00944e011198"
          ],
          "failures": [],
          "pending": [],
          "skipped": [],
          "duration": 8640,
          "root": false,
          "rootEmpty": false,
          "_timeout": 2000
        }
      ],
      "passes": [],
      "failures": [],
      "pending": [],
      "skipped": [],
      "duration": 0,
      "root": true,
      "rootEmpty": true,
      "_timeout": 2000
    }
  ],
  "meta": {
    "mocha": {
      "version": "7.0.1"
    },
    "mochawesome": {
      "options": {
        "quiet": false,
        "reportFilename": "mochawesome",
        "saveHtml": false,
        "saveJson": true,
        "consoleReporter": "spec",
        "useInlineDiffs": false,
        "code": true
      },
      "version": "6.3.1"
    },
    "marge": {
      "options": {
        "reportDir": "cypress\\report\\.jsons",
        "charts": true,
        "reportPageTitle": "custom-title",
        "embeddedScreenshots": true,
        "overwrite": false,
        "json": true,
        "html": false
      },
      "version": "5.2.0"
    }
  }
}