{
  "stats": {
    "suites": 1,
    "tests": 2,
    "passes": 1,
    "pending": 0,
    "failures": 1,
    "start": "2022-01-10T03:14:01.132Z",
    "end": "2022-01-10T03:14:52.917Z",
    "duration": 51785,
    "testsRegistered": 2,
    "passPercent": 50,
    "pendingPercent": 0,
    "other": 0,
    "hasOther": false,
    "skipped": 0,
    "hasSkipped": false
  },
  "results": [
    {
      "uuid": "5e929990-4364-44c5-adf1-42efd21c67e4",
      "title": "",
      "fullFile": "cypress/integration/operator.feature",
      "file": "cypress/integration/operator.feature",
      "beforeHooks": [],
      "afterHooks": [],
      "tests": [],
      "suites": [
        {
          "uuid": "31cae4fe-67dc-4227-b15f-ec87dc062ed4",
          "title": "operator related test cases",
          "fullFile": "",
          "file": "",
          "beforeHooks": [],
          "afterHooks": [],
          "tests": [
            {
              "title": "Operator sign up for Bussr",
              "fullTitle": "operator related test cases Operator sign up for Bussr",
              "timedOut": null,
              "duration": 40783,
              "state": "passed",
              "speed": "slow",
              "pass": true,
              "fail": false,
              "pending": false,
              "context": null,
              "code": "const state = window.testState;\nreturn cy\n  .then(() => state.onStartScenario(scenario, indexedSteps))\n  .then(() =>\n    resolveAndRunBeforeHooks.call(this, scenario.tags, state.feature.name)\n  )\n  .then(() =>\n    indexedSteps.forEach((step) =>\n      stepTest.call(this, state, step, rowData)\n    )\n  )\n  .then(() => state.onFinishScenario(scenario));",
              "err": {},
              "uuid": "a13a3273-7ca3-4f61-88e8-237a2706e8a4",
              "parentUUID": "31cae4fe-67dc-4227-b15f-ec87dc062ed4",
              "isHook": false,
              "skipped": false
            },
            {
              "title": "Fleet Admin Login (example #1)",
              "fullTitle": "operator related test cases Fleet Admin Login (example #1)",
              "timedOut": null,
              "duration": 1245,
              "state": "failed",
              "speed": null,
              "pass": false,
              "fail": true,
              "pending": false,
              "context": "{\n  \"title\": \"cypress-mochawesome-reporter-screenshots\",\n  \"value\": [\n    [\n      {\n        \"title\": \"Failed screenshot\",\n        \"value\": \"\\\\operator.feature\\\\operator related test cases -- Fleet Admin Login (example #1) (failed).png\"\n      }\n    ]\n  ]\n}",
              "code": "const state = window.testState;\nreturn cy\n  .then(() => state.onStartScenario(scenario, indexedSteps))\n  .then(() =>\n    resolveAndRunBeforeHooks.call(this, scenario.tags, state.feature.name)\n  )\n  .then(() =>\n    indexedSteps.forEach((step) =>\n      stepTest.call(this, state, step, rowData)\n    )\n  )\n  .then(() => state.onFinishScenario(scenario));",
              "err": {
                "message": "CypressError: `cy.type()` failed because it requires a DOM element.\n\nThe subject received was:\n\n  > `undefined`\n\nThe previous command that ran was:\n\n  > `cy.get()`",
                "estack": "CypressError: `cy.type()` failed because it requires a DOM element.\n\nThe subject received was:\n\n  > `undefined`\n\nThe previous command that ran was:\n\n  > `cy.get()`\n    at ensureElement (https://qa-operator.bussr.app/__cypress/runner/cypress_runner.js:162678:76)\n    at validateType (https://qa-operator.bussr.app/__cypress/runner/cypress_runner.js:162501:16)\n    at $Cy.ensureSubjectByType (https://qa-operator.bussr.app/__cypress/runner/cypress_runner.js:162537:9)\n    at pushSubjectAndValidate (https://qa-operator.bussr.app/__cypress/runner/cypress_runner.js:171827:12)\n    at Context.<anonymous> (https://qa-operator.bussr.app/__cypress/runner/cypress_runner.js:172102:20)\nFrom Your Spec Code:\n    at loginPage.typeEmailAddress (https://qa-operator.bussr.app/__cypress/tests?p=cypress\\integration\\operator.feature:150:36)\n    at Context.eval (https://qa-operator.bussr.app/__cypress/tests?p=cypress\\integration\\operator.feature:57:25)\n    at Context.resolveAndRunStepDefinition (https://qa-operator.bussr.app/__cypress/tests?p=cypress\\integration\\operator.feature:12812:29)\n    at Context.eval (https://qa-operator.bussr.app/__cypress/tests?p=cypress\\integration\\operator.feature:12133:35)",
                "diff": null
              },
              "uuid": "b3c2d5f8-3f27-4248-b370-ede1c3767195",
              "parentUUID": "31cae4fe-67dc-4227-b15f-ec87dc062ed4",
              "isHook": false,
              "skipped": false
            }
          ],
          "suites": [],
          "passes": [
            "a13a3273-7ca3-4f61-88e8-237a2706e8a4"
          ],
          "failures": [
            "b3c2d5f8-3f27-4248-b370-ede1c3767195"
          ],
          "pending": [],
          "skipped": [],
          "duration": 42028,
          "root": false,
          "rootEmpty": false,
          "_timeout": 2000
        }
      ],
      "passes": [],
      "failures": [],
      "pending": [],
      "skipped": [],
      "duration": 0,
      "root": true,
      "rootEmpty": true,
      "_timeout": 2000
    }
  ],
  "meta": {
    "mocha": {
      "version": "7.0.1"
    },
    "mochawesome": {
      "options": {
        "quiet": false,
        "reportFilename": "mochawesome",
        "saveHtml": false,
        "saveJson": true,
        "consoleReporter": "spec",
        "useInlineDiffs": false,
        "code": true
      },
      "version": "6.3.1"
    },
    "marge": {
      "options": {
        "reportDir": "cypress\\report\\.jsons",
        "charts": true,
        "reportPageTitle": "custom-title",
        "embeddedScreenshots": true,
        "overwrite": false,
        "json": true,
        "html": false
      },
      "version": "5.2.0"
    }
  }
}