{
  "stats": {
    "suites": 1,
    "tests": 6,
    "passes": 0,
    "pending": 5,
    "failures": 1,
    "start": "2022-01-11T11:00:20.825Z",
    "end": "2022-01-11T11:00:23.153Z",
    "duration": 2328,
    "testsRegistered": 6,
    "passPercent": 0,
    "pendingPercent": 83.33333333333334,
    "other": 0,
    "hasOther": false,
    "skipped": 5,
    "hasSkipped": true
  },
  "results": [
    {
      "uuid": "7393c4a8-65ea-43bb-aa64-3f58d12fcc26",
      "title": "",
      "fullFile": "cypress/integration/api-feature-files/GET_request.feature",
      "file": "cypress/integration/api-feature-files/GET_request.feature",
      "beforeHooks": [],
      "afterHooks": [],
      "tests": [],
      "suites": [
        {
          "uuid": "ed2c6cb0-0171-4529-8f02-8c4aa9a54252",
          "title": "GET Requests",
          "fullFile": "",
          "file": "",
          "beforeHooks": [],
          "afterHooks": [],
          "tests": [
            {
              "title": "GET Requests (example #1)",
              "fullTitle": "GET Requests GET Requests (example #1)",
              "timedOut": null,
              "duration": 325,
              "state": "pending",
              "speed": null,
              "pass": false,
              "fail": false,
              "pending": false,
              "context": "{\n  \"title\": \"cypress-mochawesome-reporter-screenshots\",\n  \"value\": [\n    [\n      {\n        \"title\": \"Failed screenshot\",\n        \"value\": \"\\\\api-feature-files\\\\GET_request.feature\\\\GET Requests -- GET Requests (example #1) (failed).png\"\n      }\n    ]\n  ]\n}",
              "code": "// register this scenario with the cucumber data collector\n// but don't run it\n// Tell mocha this is a skipped test so it also shows correctly in Cypress\nconst state = window.testState;\ncy.then(() => state.onStartScenario(scenario, indexedSteps))\n  .then(() => state.onFinishScenario(scenario))\n  // eslint-disable-next-line func-names\n  .then(function () {\n    return this.skip();\n  });",
              "err": {
                "message": "CypressError: sync skip; aborting execution",
                "estack": "[object Object]\nFrom Your Spec Code:\n    at Context.eval (http://localhost:55484/__cypress/tests?p=cypress\\integration\\api-feature-files\\GET_request.feature:12224:10)",
                "diff": null
              },
              "uuid": "21d75973-bd95-4305-9772-e4b7e54c5190",
              "parentUUID": "ed2c6cb0-0171-4529-8f02-8c4aa9a54252",
              "isHook": false,
              "skipped": true
            },
            {
              "title": "GET Requests (example #2)",
              "fullTitle": "GET Requests GET Requests (example #2)",
              "timedOut": null,
              "duration": 210,
              "state": "pending",
              "speed": null,
              "pass": false,
              "fail": false,
              "pending": false,
              "context": "{\n  \"title\": \"cypress-mochawesome-reporter-screenshots\",\n  \"value\": [\n    [\n      {\n        \"title\": \"Failed screenshot\",\n        \"value\": \"\\\\api-feature-files\\\\GET_request.feature\\\\GET Requests -- GET Requests (example #2) (failed).png\"\n      }\n    ]\n  ]\n}",
              "code": "// register this scenario with the cucumber data collector\n// but don't run it\n// Tell mocha this is a skipped test so it also shows correctly in Cypress\nconst state = window.testState;\ncy.then(() => state.onStartScenario(scenario, indexedSteps))\n  .then(() => state.onFinishScenario(scenario))\n  // eslint-disable-next-line func-names\n  .then(function () {\n    return this.skip();\n  });",
              "err": {
                "message": "CypressError: sync skip; aborting execution",
                "estack": "[object Object]\nFrom Your Spec Code:\n    at Context.eval (http://localhost:55484/__cypress/tests?p=cypress\\integration\\api-feature-files\\GET_request.feature:12224:10)",
                "diff": null
              },
              "uuid": "25aaa620-8a8f-4d92-b176-a9f8f9ab1c28",
              "parentUUID": "ed2c6cb0-0171-4529-8f02-8c4aa9a54252",
              "isHook": false,
              "skipped": true
            },
            {
              "title": "GET Requests (example #3)",
              "fullTitle": "GET Requests GET Requests (example #3)",
              "timedOut": null,
              "duration": 179,
              "state": "pending",
              "speed": null,
              "pass": false,
              "fail": false,
              "pending": false,
              "context": "{\n  \"title\": \"cypress-mochawesome-reporter-screenshots\",\n  \"value\": [\n    [\n      {\n        \"title\": \"Failed screenshot\",\n        \"value\": \"\\\\api-feature-files\\\\GET_request.feature\\\\GET Requests -- GET Requests (example #3) (failed).png\"\n      }\n    ]\n  ]\n}",
              "code": "// register this scenario with the cucumber data collector\n// but don't run it\n// Tell mocha this is a skipped test so it also shows correctly in Cypress\nconst state = window.testState;\ncy.then(() => state.onStartScenario(scenario, indexedSteps))\n  .then(() => state.onFinishScenario(scenario))\n  // eslint-disable-next-line func-names\n  .then(function () {\n    return this.skip();\n  });",
              "err": {
                "message": "CypressError: sync skip; aborting execution",
                "estack": "[object Object]\nFrom Your Spec Code:\n    at Context.eval (http://localhost:55484/__cypress/tests?p=cypress\\integration\\api-feature-files\\GET_request.feature:12224:10)",
                "diff": null
              },
              "uuid": "fe633a0f-4d31-465f-9828-7b93c729e239",
              "parentUUID": "ed2c6cb0-0171-4529-8f02-8c4aa9a54252",
              "isHook": false,
              "skipped": true
            },
            {
              "title": "GET Requests (example #4)",
              "fullTitle": "GET Requests GET Requests (example #4)",
              "timedOut": null,
              "duration": 193,
              "state": "pending",
              "speed": null,
              "pass": false,
              "fail": false,
              "pending": false,
              "context": "{\n  \"title\": \"cypress-mochawesome-reporter-screenshots\",\n  \"value\": [\n    [\n      {\n        \"title\": \"Failed screenshot\",\n        \"value\": \"\\\\api-feature-files\\\\GET_request.feature\\\\GET Requests -- GET Requests (example #4) (failed).png\"\n      }\n    ]\n  ]\n}",
              "code": "// register this scenario with the cucumber data collector\n// but don't run it\n// Tell mocha this is a skipped test so it also shows correctly in Cypress\nconst state = window.testState;\ncy.then(() => state.onStartScenario(scenario, indexedSteps))\n  .then(() => state.onFinishScenario(scenario))\n  // eslint-disable-next-line func-names\n  .then(function () {\n    return this.skip();\n  });",
              "err": {
                "message": "CypressError: sync skip; aborting execution",
                "estack": "[object Object]\nFrom Your Spec Code:\n    at Context.eval (http://localhost:55484/__cypress/tests?p=cypress\\integration\\api-feature-files\\GET_request.feature:12224:10)",
                "diff": null
              },
              "uuid": "c103200b-c3dc-4d10-8540-3f70be14ab3c",
              "parentUUID": "ed2c6cb0-0171-4529-8f02-8c4aa9a54252",
              "isHook": false,
              "skipped": true
            },
            {
              "title": "GET Requests (example #5)",
              "fullTitle": "GET Requests GET Requests (example #5)",
              "timedOut": null,
              "duration": 175,
              "state": "pending",
              "speed": null,
              "pass": false,
              "fail": false,
              "pending": false,
              "context": "{\n  \"title\": \"cypress-mochawesome-reporter-screenshots\",\n  \"value\": [\n    [\n      {\n        \"title\": \"Failed screenshot\",\n        \"value\": \"\\\\api-feature-files\\\\GET_request.feature\\\\GET Requests -- GET Requests (example #5) (failed).png\"\n      }\n    ]\n  ]\n}",
              "code": "// register this scenario with the cucumber data collector\n// but don't run it\n// Tell mocha this is a skipped test so it also shows correctly in Cypress\nconst state = window.testState;\ncy.then(() => state.onStartScenario(scenario, indexedSteps))\n  .then(() => state.onFinishScenario(scenario))\n  // eslint-disable-next-line func-names\n  .then(function () {\n    return this.skip();\n  });",
              "err": {
                "message": "CypressError: sync skip; aborting execution",
                "estack": "[object Object]\nFrom Your Spec Code:\n    at Context.eval (http://localhost:55484/__cypress/tests?p=cypress\\integration\\api-feature-files\\GET_request.feature:12224:10)",
                "diff": null
              },
              "uuid": "6c6dfd12-7ca7-4f4d-bfde-5e5f2739b9e0",
              "parentUUID": "ed2c6cb0-0171-4529-8f02-8c4aa9a54252",
              "isHook": false,
              "skipped": true
            },
            {
              "title": "GET Requests (example #1)",
              "fullTitle": "GET Requests GET Requests (example #1)",
              "timedOut": null,
              "duration": 1110,
              "state": "failed",
              "speed": null,
              "pass": false,
              "fail": true,
              "pending": false,
              "context": "{\n  \"title\": \"cypress-mochawesome-reporter-screenshots\",\n  \"value\": [\n    [\n      {\n        \"title\": \"Failed screenshot\",\n        \"value\": \"\\\\api-feature-files\\\\GET_request.feature\\\\GET Requests -- GET Requests (example #1) (failed) (1).png\"\n      }\n    ]\n  ]\n}",
              "code": "const state = window.testState;\nreturn cy\n  .then(() => state.onStartScenario(scenario, indexedSteps))\n  .then(() =>\n    resolveAndRunBeforeHooks.call(this, scenario.tags, state.feature.name)\n  )\n  .then(() =>\n    indexedSteps.forEach((step) =>\n      stepTest.call(this, state, step, rowData)\n    )\n  )\n  .then(() => state.onFinishScenario(scenario));",
              "err": {
                "message": "Error: Step implementation missing for: response should be with 200",
                "estack": "Error: Step implementation missing for: response should be with 200\n    at Context.resolveAndRunStepDefinition (http://localhost:55484/__cypress/tests?p=cypress\\integration\\api-feature-files\\GET_request.feature:12867:11)\n    at Context.eval (http://localhost:55484/__cypress/tests?p=cypress\\integration\\api-feature-files\\GET_request.feature:12182:35)",
                "diff": null
              },
              "uuid": "823c5cc1-0533-45ad-990f-39a87a792830",
              "parentUUID": "ed2c6cb0-0171-4529-8f02-8c4aa9a54252",
              "isHook": false,
              "skipped": false
            }
          ],
          "suites": [],
          "passes": [],
          "failures": [
            "823c5cc1-0533-45ad-990f-39a87a792830"
          ],
          "pending": [],
          "skipped": [
            "21d75973-bd95-4305-9772-e4b7e54c5190",
            "25aaa620-8a8f-4d92-b176-a9f8f9ab1c28",
            "fe633a0f-4d31-465f-9828-7b93c729e239",
            "c103200b-c3dc-4d10-8540-3f70be14ab3c",
            "6c6dfd12-7ca7-4f4d-bfde-5e5f2739b9e0"
          ],
          "duration": 2192,
          "root": false,
          "rootEmpty": false,
          "_timeout": 2000
        }
      ],
      "passes": [],
      "failures": [],
      "pending": [],
      "skipped": [],
      "duration": 0,
      "root": true,
      "rootEmpty": true,
      "_timeout": 2000
    }
  ],
  "meta": {
    "mocha": {
      "version": "7.0.1"
    },
    "mochawesome": {
      "options": {
        "quiet": false,
        "reportFilename": "mochawesome",
        "saveHtml": false,
        "saveJson": true,
        "consoleReporter": "spec",
        "useInlineDiffs": false,
        "code": true
      },
      "version": "6.3.1"
    },
    "marge": {
      "options": {
        "reportDir": "cypress\\report\\.jsons",
        "charts": true,
        "reportPageTitle": "custom-title",
        "embeddedScreenshots": true,
        "overwrite": false,
        "json": true,
        "html": false
      },
      "version": "5.2.0"
    }
  }
}